<?xml version="1.0" encoding="UTF-8"?>
<!-- Generated by org.testng.reporters.JUnitReportReporter -->
<testsuite skipped="0" hostname="IPWM02" name="com.inetBanking.testCases.TC_LoginTest_001" tests="1" failures="0" timestamp="22 Feb 2021 09:31:39 GMT" time="29.276" errors="0">
  <testcase name="loginTest" time="29.276" classname="com.inetBanking.testCases.TC_LoginTest_001"/>
</testsuite> <!-- com.inetBanking.testCases.TC_LoginTest_001 -->
