<?xml version="1.0" encoding="UTF-8"?>
<!-- Generated by org.testng.reporters.JUnitReportReporter -->
<testsuite hostname="IPWM02" failures="0" tests="1" name="com.inetBanking.testCases.TC_AddVendorTest_004" time="42.097" errors="0" timestamp="19 Jan 2021 12:29:34 GMT" skipped="0">
  <testcase classname="com.inetBanking.testCases.TC_AddVendorTest_004" name="addNewVendor" time="42.097"/>
</testsuite> <!-- com.inetBanking.testCases.TC_AddVendorTest_004 -->
