<?xml version="1.0" encoding="UTF-8"?>
<!-- Generated by org.testng.reporters.JUnitReportReporter -->
<testsuite skipped="0" hostname="IPWM02" name="com.inetBanking.testCases.TC_AddBankTest_003" tests="1" failures="0" timestamp="27 Jan 2021 10:09:11 GMT" time="33.229" errors="0">
  <testcase name="addNewBank" time="33.229" classname="com.inetBanking.testCases.TC_AddBankTest_003"/>
</testsuite> <!-- com.inetBanking.testCases.TC_AddBankTest_003 -->
