<?xml version="1.0" encoding="UTF-8"?>
<!-- Generated by org.testng.reporters.JUnitReportReporter -->
<testsuite hostname="IPWM02" failures="0" tests="1" name="com.inetBanking.testCases.TC_AddBankTest_003" time="34.768" errors="0" timestamp="18 Jan 2021 06:43:40 GMT" skipped="0">
  <testcase classname="com.inetBanking.testCases.TC_AddBankTest_003" name="addNewBank" time="34.768"/>
</testsuite> <!-- com.inetBanking.testCases.TC_AddBankTest_003 -->
