<?xml version="1.0" encoding="UTF-8"?>
<!-- Generated by org.testng.reporters.JUnitReportReporter -->
<testsuite skipped="0" hostname="IPWM02" name="com.inetBanking.testCases.TC_AddUserTest_008" tests="1" failures="0" timestamp="27 Jan 2021 10:09:11 GMT" time="26.680" errors="0">
  <testcase name="AddUserTest" time="26.680" classname="com.inetBanking.testCases.TC_AddUserTest_008"/>
</testsuite> <!-- com.inetBanking.testCases.TC_AddUserTest_008 -->
