<?xml version="1.0" encoding="UTF-8"?>
<!-- Generated by org.testng.reporters.JUnitReportReporter -->
<testsuite skipped="0" hostname="IPWM02" name="com.inetBanking.testCases.TC_AddMobileBranchTest_005" tests="1" failures="0" timestamp="20 Jan 2021 08:18:36 GMT" time="44.737" errors="0">
  <testcase name="addNewMobileBranch" time="44.737" classname="com.inetBanking.testCases.TC_AddMobileBranchTest_005"/>
</testsuite> <!-- com.inetBanking.testCases.TC_AddMobileBranchTest_005 -->
