<?xml version="1.0" encoding="UTF-8"?>
<!-- Generated by org.testng.reporters.JUnitReportReporter -->
<testsuite skipped="1" hostname="IPWM02" name="com.inetBanking.testCases.TC_AddClient_007" tests="2" failures="0" timestamp="23 Feb 2021 11:08:51 GMT" time="5.747" errors="1">
  <testcase name="setup" time="5.747" classname="com.inetBanking.testCases.TC_AddClient_007">
    <error type="org.openqa.selenium.SessionNotCreatedException" message="session not created
from disconnected: received Inspector.detached event
  (Session info: chrome=88.0.4324.182)
Build info: version: &#039;3.141.59&#039;, revision: &#039;e82be7d358&#039;, time: &#039;2018-11-14T08:25:48&#039;
System info: host: &#039;IPWM02&#039;, ip: &#039;192.168.1.25&#039;, os.name: &#039;Windows 8.1&#039;, os.arch: &#039;amd64&#039;, os.version: &#039;6.3&#039;, java.version: &#039;1.8.0_211&#039;
Driver info: driver.version: ChromeDriver
remote stacktrace: Backtrace:
	Ordinal0 [0x0043C0C3+3326147]
	Ordinal0 [0x00320851+2164817]
	Ordinal0 [0x001A7298+619160]
	Ordinal0 [0x0019BD04+572676]
	Ordinal0 [0x0019BA18+571928]
	Ordinal0 [0x0019B0C1+569537]
	Ordinal0 [0x0019A421+566305]
	Ordinal0 [0x0019A937+567607]
	Ordinal0 [0x001AD939+645433]
	Ordinal0 [0x001A91AE+627118]
	Ordinal0 [0x001A8D98+626072]
	Ordinal0 [0x001A949E+627870]
	Ordinal0 [0x001A96D0+628432]
	Ordinal0 [0x00146CC0+224448]
	Ordinal0 [0x00145CAC+220332]
	Ordinal0 [0x0014189B+202907]
	Ordinal0 [0x00123DF4+81396]
	Ordinal0 [0x00124DEE+85486]
	Ordinal0 [0x00124D79+85369]
	Ordinal0 [0x003385DC+2262492]
	GetHandleVerifier [0x005C2874+1487204]
	GetHandleVerifier [0x005C23CD+1486013]
	GetHandleVerifier [0x005CA368+1518680]
	GetHandleVerifier [0x005C2F4E+1488958]
	Ordinal0 [0x0032ED0D+2223373]
	Ordinal0 [0x0033A12B+2269483]
	Ordinal0 [0x0033A26F+2269807]
	Ordinal0 [0x0034ECB8+2354360]
	BaseThreadInitThunk [0x76FD6A14+36]
	RtlInitializeExceptionChain [0x7722AB4F+143]
	RtlInitializeExceptionChain [0x7722AB1A+90]
">
      <![CDATA[org.openqa.selenium.SessionNotCreatedException: session not created
from disconnected: received Inspector.detached event
  (Session info: chrome=88.0.4324.182)
Build info: version: '3.141.59', revision: 'e82be7d358', time: '2018-11-14T08:25:48'
System info: host: 'IPWM02', ip: '192.168.1.25', os.name: 'Windows 8.1', os.arch: 'amd64', os.version: '6.3', java.version: '1.8.0_211'
Driver info: driver.version: ChromeDriver
remote stacktrace: Backtrace:
Ordinal0 [0x0043C0C3+3326147]
Ordinal0 [0x00320851+2164817]
Ordinal0 [0x001A7298+619160]
Ordinal0 [0x0019BD04+572676]
Ordinal0 [0x0019BA18+571928]
Ordinal0 [0x0019B0C1+569537]
Ordinal0 [0x0019A421+566305]
Ordinal0 [0x0019A937+567607]
Ordinal0 [0x001AD939+645433]
Ordinal0 [0x001A91AE+627118]
Ordinal0 [0x001A8D98+626072]
Ordinal0 [0x001A949E+627870]
Ordinal0 [0x001A96D0+628432]
Ordinal0 [0x00146CC0+224448]
Ordinal0 [0x00145CAC+220332]
Ordinal0 [0x0014189B+202907]
Ordinal0 [0x00123DF4+81396]
Ordinal0 [0x00124DEE+85486]
Ordinal0 [0x00124D79+85369]
Ordinal0 [0x003385DC+2262492]
GetHandleVerifier [0x005C2874+1487204]
GetHandleVerifier [0x005C23CD+1486013]
GetHandleVerifier [0x005CA368+1518680]
GetHandleVerifier [0x005C2F4E+1488958]
Ordinal0 [0x0032ED0D+2223373]
Ordinal0 [0x0033A12B+2269483]
Ordinal0 [0x0033A26F+2269807]
Ordinal0 [0x0034ECB8+2354360]
BaseThreadInitThunk [0x76FD6A14+36]
RtlInitializeExceptionChain [0x7722AB4F+143]
RtlInitializeExceptionChain [0x7722AB1A+90]

at sun.reflect.NativeConstructorAccessorImpl.newInstance0(Native Method)
at sun.reflect.NativeConstructorAccessorImpl.newInstance(NativeConstructorAccessorImpl.java:62)
at sun.reflect.DelegatingConstructorAccessorImpl.newInstance(DelegatingConstructorAccessorImpl.java:45)
at java.lang.reflect.Constructor.newInstance(Constructor.java:423)
at org.openqa.selenium.remote.W3CHandshakeResponse.lambda$errorHandler$0(W3CHandshakeResponse.java:62)
at org.openqa.selenium.remote.HandshakeResponse.lambda$getResponseFunction$0(HandshakeResponse.java:30)
at org.openqa.selenium.remote.ProtocolHandshake.lambda$createSession$0(ProtocolHandshake.java:126)
at java.util.stream.ReferencePipeline$3$1.accept(ReferencePipeline.java:193)
at java.util.Spliterators$ArraySpliterator.tryAdvance(Spliterators.java:958)
at java.util.stream.ReferencePipeline.forEachWithCancel(ReferencePipeline.java:126)
at java.util.stream.AbstractPipeline.copyIntoWithCancel(AbstractPipeline.java:498)
at java.util.stream.AbstractPipeline.copyInto(AbstractPipeline.java:485)
at java.util.stream.AbstractPipeline.wrapAndCopyInto(AbstractPipeline.java:471)
at java.util.stream.FindOps$FindOp.evaluateSequential(FindOps.java:152)
at java.util.stream.AbstractPipeline.evaluate(AbstractPipeline.java:234)
at java.util.stream.ReferencePipeline.findFirst(ReferencePipeline.java:464)
at org.openqa.selenium.remote.ProtocolHandshake.createSession(ProtocolHandshake.java:128)
at org.openqa.selenium.remote.ProtocolHandshake.createSession(ProtocolHandshake.java:74)
at org.openqa.selenium.remote.HttpCommandExecutor.execute(HttpCommandExecutor.java:136)
at org.openqa.selenium.remote.service.DriverCommandExecutor.execute(DriverCommandExecutor.java:83)
at org.openqa.selenium.remote.RemoteWebDriver.execute(RemoteWebDriver.java:552)
at org.openqa.selenium.remote.RemoteWebDriver.startSession(RemoteWebDriver.java:213)
at org.openqa.selenium.remote.RemoteWebDriver.<init>(RemoteWebDriver.java:131)
at org.openqa.selenium.chrome.ChromeDriver.<init>(ChromeDriver.java:181)
at org.openqa.selenium.chrome.ChromeDriver.<init>(ChromeDriver.java:168)
at org.openqa.selenium.chrome.ChromeDriver.<init>(ChromeDriver.java:123)
at com.inetBanking.testCases.BaseClass.setup(BaseClass.java:49)
at sun.reflect.NativeMethodAccessorImpl.invoke0(Native Method)
at sun.reflect.NativeMethodAccessorImpl.invoke(NativeMethodAccessorImpl.java:62)
at sun.reflect.DelegatingMethodAccessorImpl.invoke(DelegatingMethodAccessorImpl.java:43)
at java.lang.reflect.Method.invoke(Method.java:498)
at org.testng.internal.MethodInvocationHelper.invokeMethod(MethodInvocationHelper.java:124)
at org.testng.internal.MethodInvocationHelper.invokeMethodConsideringTimeout(MethodInvocationHelper.java:59)
at org.testng.internal.Invoker.invokeConfigurationMethod(Invoker.java:458)
at org.testng.internal.Invoker.invokeConfigurations(Invoker.java:222)
at org.testng.internal.Invoker.invokeConfigurations(Invoker.java:142)
at org.testng.internal.TestMethodWorker.invokeBeforeClassMethods(TestMethodWorker.java:168)
at org.testng.internal.TestMethodWorker.run(TestMethodWorker.java:105)
at org.testng.TestRunner.privateRun(TestRunner.java:648)
at org.testng.TestRunner.run(TestRunner.java:505)
at org.testng.SuiteRunner.runTest(SuiteRunner.java:455)
at org.testng.SuiteRunner.access$000(SuiteRunner.java:40)
at org.testng.SuiteRunner$SuiteWorker.run(SuiteRunner.java:489)
at org.testng.internal.thread.ThreadUtil$1.call(ThreadUtil.java:52)
at java.util.concurrent.FutureTask.run(FutureTask.java:266)
at java.util.concurrent.ThreadPoolExecutor.runWorker(ThreadPoolExecutor.java:1149)
at java.util.concurrent.ThreadPoolExecutor$Worker.run(ThreadPoolExecutor.java:624)
at java.lang.Thread.run(Thread.java:748)
]]>
    </error>
  </testcase> <!-- setup -->
  <testcase name="AddClient" time="0.000" classname="com.inetBanking.testCases.TC_AddClient_007">
    <skipped/>
  </testcase> <!-- AddClient -->
</testsuite> <!-- com.inetBanking.testCases.TC_AddClient_007 -->
