<?xml version="1.0" encoding="UTF-8"?>
<!-- Generated by org.testng.reporters.JUnitReportReporter -->
<testsuite skipped="0" hostname="IPWM02" name="com.inetBanking.testCases.TC_AddBankTest_003" tests="1" failures="0" timestamp="22 Feb 2021 09:31:39 GMT" time="35.688" errors="0">
  <testcase name="addNewBank" time="35.688" classname="com.inetBanking.testCases.TC_AddBankTest_003"/>
</testsuite> <!-- com.inetBanking.testCases.TC_AddBankTest_003 -->
