<?xml version="1.0" encoding="UTF-8"?>
<!-- Generated by org.testng.reporters.JUnitReportReporter -->
<testsuite skipped="0" hostname="IPWM02" name="com.inetBanking.testCases.TC_CTSReportTest_009" tests="1" failures="0" timestamp="28 Jan 2021 05:48:52 GMT" time="36.328" errors="0">
  <testcase name="CTSReport" time="36.328" classname="com.inetBanking.testCases.TC_CTSReportTest_009"/>
</testsuite> <!-- com.inetBanking.testCases.TC_CTSReportTest_009 -->
