<?xml version="1.0" encoding="UTF-8"?>
<!-- Generated by org.testng.reporters.JUnitReportReporter -->
<testsuite skipped="0" hostname="IPWM02" name="com.inetBanking.testCases.TC_AddUserTest_008" tests="1" failures="0" timestamp="22 Feb 2021 09:31:39 GMT" time="36.613" errors="0">
  <testcase name="AddUserTest" time="36.613" classname="com.inetBanking.testCases.TC_AddUserTest_008"/>
</testsuite> <!-- com.inetBanking.testCases.TC_AddUserTest_008 -->
