<?xml version="1.0" encoding="UTF-8"?>
<!-- Generated by org.testng.reporters.JUnitReportReporter -->
<testsuite hostname="IPWM02" failures="0" tests="1" name="com.inetBanking.testCases.TC_LoginTest_001" time="36.951" errors="0" timestamp="15 Jan 2021 06:19:37 GMT" skipped="0">
  <testcase classname="com.inetBanking.testCases.TC_LoginTest_001" name="loginTest" time="36.951"/>
</testsuite> <!-- com.inetBanking.testCases.TC_LoginTest_001 -->
