<?xml version="1.0" encoding="UTF-8"?>
<!-- Generated by org.testng.reporters.JUnitReportReporter -->
<testsuite hostname="IPWM02" failures="0" tests="1" name="com.inetBanking.testCases.TC_AddBankTest_003" time="34.162" errors="0" timestamp="19 Jan 2021 10:08:58 GMT" skipped="0">
  <testcase classname="com.inetBanking.testCases.TC_AddBankTest_003" name="addNewBank" time="34.162"/>
</testsuite> <!-- com.inetBanking.testCases.TC_AddBankTest_003 -->
