<?xml version="1.0" encoding="UTF-8"?>
<!-- Generated by org.testng.reporters.JUnitReportReporter -->
<testsuite skipped="0" hostname="IPWM02" name="com.inetBanking.testCases.TC_LoginTest_001" tests="1" failures="0" timestamp="27 Jan 2021 10:09:11 GMT" time="25.833" errors="0">
  <testcase name="loginTest" time="25.833" classname="com.inetBanking.testCases.TC_LoginTest_001"/>
</testsuite> <!-- com.inetBanking.testCases.TC_LoginTest_001 -->
