<?xml version="1.0" encoding="UTF-8"?>
<!-- Generated by org.testng.reporters.JUnitReportReporter -->
<testsuite skipped="0" hostname="IPWM02" name="com.inetBanking.testCases.TC_AddVendorTest_004" tests="1" failures="0" timestamp="22 Feb 2021 09:31:39 GMT" time="38.948" errors="0">
  <testcase name="addNewVendor" time="38.948" classname="com.inetBanking.testCases.TC_AddVendorTest_004"/>
</testsuite> <!-- com.inetBanking.testCases.TC_AddVendorTest_004 -->
